<?xml version="1.0" encoding="UTF-8"?>
<!-- Generated by org.testng.reporters.JUnitReportReporter -->
<testsuite hostname="DESKTOP-E1HC053" failures="0" tests="2" name="com.testWeb.TestRunner" time="9.242" errors="0" timestamp="2022-12-31T16:58:41 ART" skipped="0">
  <testcase classname="com.testWeb.TestRunner" name="runScenario" time="4.608"/>
  <system-out/>
  <testcase classname="com.testWeb.TestRunner" name="runScenario" time="4.634"/>
  <system-out/>
</testsuite> <!-- com.testWeb.TestRunner -->
